Arguments: 
  C:\Program Files\nodejs\node.exe C:\Users\haida\AppData\Roaming\npm\node_modules\yarn\bin\yarn.js add -D typescript ts-node ts-jest supertest jest @ypes/supertest @types/jest

PATH: 
  C:\Program Files\PowerShell\7;C:\Program Files\Common Files\Oracle\Java\javapath;C:\Program Files (x86)\Common Files\Oracle\Java\javapath;C:\Program Files (x86)\VMware\VMware Workstation\bin\;C:\Windows\system32;C:\Windows;C:\Windows\System32\Wbem;C:\Windows\System32\WindowsPowerShell\v1.0\;C:\Windows\System32\OpenSSH\;C:\Program Files (x86)\NVIDIA Corporation\PhysX\Common;C:\Program Files\NVIDIA Corporation\NVIDIA NvDLISR;C:\Program Files\NetBeans 8.2\bin;C:\Program Files\Git\cmd;C:\WINDOWS\system32;C:\WINDOWS;C:\WINDOWS\System32\Wbem;C:\WINDOWS\System32\WindowsPowerShell\v1.0\;C:\WINDOWS\System32\OpenSSH\;C:\Program Files (x86)\Microsoft SQL Server\150\Tools\Binn\;C:\Program Files\Microsoft SQL Server\150\Tools\Binn\;C:\Program Files (x86)\Microsoft SQL Server\150\DTS\Binn\;C:\Program Files\Microsoft SQL Server\150\DTS\Binn\;C:\Program Files\Microsoft SQL Server\Client SDK\ODBC\170\Tools\Binn\;C:\Program Files\Azure Data Studio\bin;C:\Users\haida\AppData\Roaming\nvm;C:\Program Files\nodejs;C:\Program Files\Java\jdk1.8.0_321\bin;C:\Program Files\dotnet\;C:\Program Files\WireSock VPN Client\bin\;E:\Maven\apache-maven-3.9.2\bin;C:\Users\haida\AppData\Local\Programs\Python\Python311\;C:\Users\haida\AppData\Local\Programs\Python\Python311\Scripts\;C:\Users\haida\AppData\Local\Programs\Python\Python311;C:\Users\haida\AppData\Local\Programs\Python\Python311\Scripts;C:\Program Files\nodejs;C:\Program Files\nodejs\;C:\Program Files\Go\bin;C:\Program Files\Docker\Docker\resources\bin;C:\Program Files\PowerShell\7\;C:\Users\haida\.console-ninja\.bin;C:\Users\haida\AppData\Local\Microsoft\WindowsApps;C:\Users\haida\AppData\Local\Programs\Microsoft VS Code\bin;C:\Program Files\Azure Data Studio\bin;C:\Users\haida\AppData\Roaming\nvm;C:\Program Files\nodejs;C:\Users\haida\AppData\Local\GitHubDesktop\bin;C:\Users\haida\.dotnet\tools;E:\Maven\apache-maven-3.9.2\bin;C:\Program Files\JetBrains\PyCharm 2023.2.3\bin;;C:\Users\haida\AppData\Roaming\npm;C:\Program Files\dotnet;;C:\Program Files\JetBrains\JetBrains Rider 2023.3.3\bin;;C:\Users\haida\go\bin

Yarn version: 
  1.22.19

Node version: 
  20.9.0

Platform: 
  win32 x64

Trace: 
  Error: https://registry.yarnpkg.com/@ypes%2fsupertest: Not found
      at params.callback [as _callback] (C:\Users\haida\AppData\Roaming\npm\node_modules\yarn\lib\cli.js:66145:18)
      at self.callback (C:\Users\haida\AppData\Roaming\npm\node_modules\yarn\lib\cli.js:140890:22)
      at Request.emit (node:events:514:28)
      at Request.<anonymous> (C:\Users\haida\AppData\Roaming\npm\node_modules\yarn\lib\cli.js:141862:10)
      at Request.emit (node:events:514:28)
      at IncomingMessage.<anonymous> (C:\Users\haida\AppData\Roaming\npm\node_modules\yarn\lib\cli.js:141784:12)
      at Object.onceWrapper (node:events:628:28)
      at IncomingMessage.emit (node:events:526:35)
      at endReadableNT (node:internal/streams/readable:1408:12)
      at process.processTicksAndRejections (node:internal/process/task_queues:82:21)

npm manifest: 
  {
    "name": "temp-node",
    "version": "1.0.0",
    "description": "",
    "main": "src/server.ts",
    "scripts": {
      "test": "echo \"Error: no test specified\" && exit 1"
    },
    "author": "",
    "license": "MIT",
    "dependencies": {
      "dotenv": "^16.4.5",
      "express": "^4.19.2"
    },
    "devDependencies": {
      "@types/express": "^4.17.21",
      "@types/node": "^20.12.7"
    }
  }

yarn manifest: 
  No manifest

Lockfile: 
  No lockfile
